2025-05-02 14:31:33,284 - app.main - INFO - BCA Citizen Service starting, logs will be saved to: logs/bca_service_20250502.txt
2025-05-02 14:31:33,284 - app.main - INFO - Info message - testing logging
2025-05-02 14:31:33,284 - app.main - WARNING - Warning message - testing logging
2025-05-02 14:31:33,284 - app.main - ERROR - Error message - testing logging
2025-05-02 14:31:33,290 - app.main - INFO - Citizen Service starting up...
2025-05-02 14:31:33,290 - app.services.kafka_consumer - INFO - Starting Kafka consumer for topic btp_events with bootstrap servers: localhost:29092
2025-05-02 14:31:33,290 - app.services.kafka_consumer - INFO - Using bootstrap servers: ['localhost:29092']
2025-05-02 14:31:33,290 - aiokafka.consumer.subscription_state - INFO - Updating subscribed topics to: frozenset({'btp_events'})
2025-05-02 14:31:33,290 - app.services.kafka_consumer - INFO - Consumer created, attempting to start...
2025-05-02 14:31:33,293 - aiokafka - ERROR - Unable connect to "localhost:29092": [Errno 111] Connection refused
2025-05-02 14:31:33,293 - app.services.kafka_consumer - ERROR - Failed to start Kafka consumer: KafkaConnectionError: Unable to bootstrap from [('localhost', 29092, <AddressFamily.AF_UNSPEC: 0>)]
Traceback (most recent call last):
  File "/home/duyhung/Desktop/DATN/citizen-management-system_v5/citizen_service_bca/app/services/kafka_consumer.py", line 50, in start
    await self.consumer.start()
  File "/home/duyhung/Desktop/DATN/myenv/lib/python3.12/site-packages/aiokafka/consumer/consumer.py", line 371, in start
    await self._client.bootstrap()
  File "/home/duyhung/Desktop/DATN/myenv/lib/python3.12/site-packages/aiokafka/client.py", line 266, in bootstrap
    raise KafkaConnectionError(f"Unable to bootstrap from {self.hosts}")
aiokafka.errors.KafkaConnectionError: KafkaConnectionError: Unable to bootstrap from [('localhost', 29092, <AddressFamily.AF_UNSPEC: 0>)]
2025-05-02 14:31:33,295 - asyncio - ERROR - Unclosed AIOKafkaConsumer
consumer: <aiokafka.consumer.consumer.AIOKafkaConsumer object at 0x73c332461670>
2025-05-02 14:31:42,116 - app.main - INFO - Citizen Service shutting down...
2025-05-02 14:34:23,174 - app.main - INFO - BCA Citizen Service starting, logs will be saved to: logs/bca_service_20250502.txt
2025-05-02 14:34:23,175 - app.main - INFO - Info message - testing logging
2025-05-02 14:34:23,175 - app.main - WARNING - Warning message - testing logging
2025-05-02 14:34:23,175 - app.main - ERROR - Error message - testing logging
2025-05-02 14:34:23,178 - app.main - INFO - Citizen Service starting up...
2025-05-02 14:34:23,178 - app.services.kafka_consumer - INFO - Starting Kafka consumer for topic btp_events with bootstrap servers: localhost:29092
2025-05-02 14:34:23,178 - app.services.kafka_consumer - INFO - Using bootstrap servers: ['localhost:29092']
2025-05-02 14:34:23,178 - aiokafka.consumer.subscription_state - INFO - Updating subscribed topics to: frozenset({'btp_events'})
2025-05-02 14:34:23,179 - app.services.kafka_consumer - INFO - Consumer created, attempting to start...
2025-05-02 14:34:23,204 - aiokafka.consumer.group_coordinator - INFO - Discovered coordinator 1 for group bca_consumer_group
2025-05-02 14:34:23,205 - aiokafka.consumer.group_coordinator - INFO - Revoking previously assigned partitions set() for group bca_consumer_group
2025-05-02 14:34:23,205 - aiokafka.consumer.group_coordinator - INFO - (Re-)joining group bca_consumer_group
2025-05-02 14:34:23,223 - aiokafka.consumer.group_coordinator - INFO - Joined group 'bca_consumer_group' (generation 7) with member_id aiokafka-0.12.0-29291821-3398-4ed0-a2bc-cc4eef0e939e
2025-05-02 14:34:23,223 - aiokafka.consumer.group_coordinator - INFO - Elected group leader -- performing partition assignments using roundrobin
2025-05-02 14:34:23,235 - aiokafka.consumer.group_coordinator - INFO - Successfully synced group bca_consumer_group with generation 7
2025-05-02 14:34:23,236 - aiokafka.consumer.group_coordinator - INFO - Setting newly assigned partitions {TopicPartition(topic='btp_events', partition=0)} for group bca_consumer_group
2025-05-02 14:34:23,236 - app.services.kafka_consumer - INFO - Consumer start() completed successfully
2025-05-02 14:34:23,236 - app.services.kafka_consumer - INFO - Kafka consumer started successfully
2025-05-02 15:21:01,479 - app.main - INFO - Citizen Service shutting down...
2025-05-02 15:21:01,479 - app.services.kafka_consumer - INFO - Stopping Kafka consumer...
2025-05-02 15:21:01,497 - aiokafka.consumer.group_coordinator - INFO - LeaveGroup request succeeded
2025-05-02 15:21:01,498 - app.services.kafka_consumer - INFO - Kafka consumer stopped
2025-05-02 15:21:01,951 - app.main - INFO - BCA Citizen Service starting, logs will be saved to: logs/bca_service_20250502.txt
2025-05-02 15:21:01,951 - app.main - INFO - Info message - testing logging
2025-05-02 15:21:01,951 - app.main - WARNING - Warning message - testing logging
2025-05-02 15:21:01,951 - app.main - ERROR - Error message - testing logging
2025-05-02 15:21:01,955 - app.main - INFO - Citizen Service starting up...
2025-05-02 15:21:01,955 - app.services.kafka_consumer - INFO - Starting Kafka consumer for topic btp_events with bootstrap servers: localhost:29092
2025-05-02 15:21:01,955 - app.services.kafka_consumer - INFO - Using bootstrap servers: ['localhost:29092']
2025-05-02 15:21:01,955 - aiokafka.consumer.subscription_state - INFO - Updating subscribed topics to: frozenset({'btp_events'})
2025-05-02 15:21:01,955 - app.services.kafka_consumer - INFO - Consumer created, attempting to start...
2025-05-02 15:21:01,972 - aiokafka.consumer.group_coordinator - INFO - Discovered coordinator 1 for group bca_consumer_group
2025-05-02 15:21:01,972 - aiokafka.consumer.group_coordinator - INFO - Revoking previously assigned partitions set() for group bca_consumer_group
2025-05-02 15:21:01,972 - aiokafka.consumer.group_coordinator - INFO - (Re-)joining group bca_consumer_group
2025-05-02 15:21:01,976 - aiokafka.consumer.group_coordinator - INFO - Joined group 'bca_consumer_group' (generation 9) with member_id aiokafka-0.12.0-934d522c-030c-443e-bdba-014e2117f0ae
2025-05-02 15:21:01,977 - aiokafka.consumer.group_coordinator - INFO - Elected group leader -- performing partition assignments using roundrobin
2025-05-02 15:21:01,979 - aiokafka.consumer.group_coordinator - INFO - Successfully synced group bca_consumer_group with generation 9
2025-05-02 15:21:01,979 - aiokafka.consumer.group_coordinator - INFO - Setting newly assigned partitions {TopicPartition(topic='btp_events', partition=0)} for group bca_consumer_group
2025-05-02 15:21:01,980 - app.services.kafka_consumer - INFO - Consumer start() completed successfully
2025-05-02 15:21:01,980 - app.services.kafka_consumer - INFO - Kafka consumer started successfully
2025-05-02 15:21:59,408 - app.main - INFO - Citizen Service shutting down...
2025-05-02 15:21:59,408 - app.services.kafka_consumer - INFO - Stopping Kafka consumer...
2025-05-02 15:21:59,412 - aiokafka.consumer.group_coordinator - INFO - LeaveGroup request succeeded
2025-05-02 15:21:59,412 - app.services.kafka_consumer - INFO - Kafka consumer stopped
2025-05-02 15:21:59,850 - app.main - INFO - BCA Citizen Service starting, logs will be saved to: logs/bca_service_20250502.txt
2025-05-02 15:21:59,850 - app.main - INFO - Info message - testing logging
2025-05-02 15:21:59,850 - app.main - WARNING - Warning message - testing logging
2025-05-02 15:21:59,850 - app.main - ERROR - Error message - testing logging
2025-05-02 15:21:59,854 - app.main - INFO - Citizen Service starting up...
2025-05-02 15:21:59,854 - app.services.kafka_consumer - INFO - Starting Kafka consumer for topic btp_events with bootstrap servers: localhost:29092
2025-05-02 15:21:59,854 - app.services.kafka_consumer - INFO - Using bootstrap servers: ['localhost:29092']
2025-05-02 15:21:59,854 - aiokafka.consumer.subscription_state - INFO - Updating subscribed topics to: frozenset({'btp_events'})
2025-05-02 15:21:59,854 - app.services.kafka_consumer - INFO - Consumer created, attempting to start...
2025-05-02 15:21:59,867 - aiokafka.consumer.group_coordinator - INFO - Discovered coordinator 1 for group bca_consumer_group
2025-05-02 15:21:59,867 - aiokafka.consumer.group_coordinator - INFO - Revoking previously assigned partitions set() for group bca_consumer_group
2025-05-02 15:21:59,867 - aiokafka.consumer.group_coordinator - INFO - (Re-)joining group bca_consumer_group
2025-05-02 15:21:59,870 - aiokafka.consumer.group_coordinator - INFO - Joined group 'bca_consumer_group' (generation 11) with member_id aiokafka-0.12.0-93ca18fc-8fe8-4d2b-b84b-59879dee2af5
2025-05-02 15:21:59,870 - aiokafka.consumer.group_coordinator - INFO - Elected group leader -- performing partition assignments using roundrobin
2025-05-02 15:21:59,872 - aiokafka.consumer.group_coordinator - INFO - Successfully synced group bca_consumer_group with generation 11
2025-05-02 15:21:59,872 - aiokafka.consumer.group_coordinator - INFO - Setting newly assigned partitions {TopicPartition(topic='btp_events', partition=0)} for group bca_consumer_group
2025-05-02 15:21:59,872 - app.services.kafka_consumer - INFO - Consumer start() completed successfully
2025-05-02 15:21:59,872 - app.services.kafka_consumer - INFO - Kafka consumer started successfully
2025-05-02 15:22:10,004 - app.main - INFO - Citizen Service shutting down...
2025-05-02 15:22:10,004 - app.services.kafka_consumer - INFO - Stopping Kafka consumer...
2025-05-02 15:22:10,008 - aiokafka.consumer.group_coordinator - INFO - LeaveGroup request succeeded
2025-05-02 15:22:10,008 - app.services.kafka_consumer - INFO - Kafka consumer stopped
2025-05-02 15:22:10,690 - app.main - INFO - BCA Citizen Service starting, logs will be saved to: logs/bca_service_20250502.txt
2025-05-02 15:22:10,690 - app.main - INFO - Info message - testing logging
2025-05-02 15:22:10,690 - app.main - WARNING - Warning message - testing logging
2025-05-02 15:22:10,690 - app.main - ERROR - Error message - testing logging
2025-05-02 15:22:10,694 - app.main - INFO - Citizen Service starting up...
2025-05-02 15:22:10,695 - app.services.kafka_consumer - INFO - Starting Kafka consumer for topic btp_events with bootstrap servers: localhost:29092
2025-05-02 15:22:10,695 - app.services.kafka_consumer - INFO - Using bootstrap servers: ['localhost:29092']
2025-05-02 15:22:10,695 - aiokafka.consumer.subscription_state - INFO - Updating subscribed topics to: frozenset({'btp_events'})
2025-05-02 15:22:10,695 - app.services.kafka_consumer - INFO - Consumer created, attempting to start...
2025-05-02 15:22:10,709 - aiokafka.consumer.group_coordinator - INFO - Discovered coordinator 1 for group bca_consumer_group
2025-05-02 15:22:10,709 - aiokafka.consumer.group_coordinator - INFO - Revoking previously assigned partitions set() for group bca_consumer_group
2025-05-02 15:22:10,709 - aiokafka.consumer.group_coordinator - INFO - (Re-)joining group bca_consumer_group
2025-05-02 15:22:10,713 - aiokafka.consumer.group_coordinator - INFO - Joined group 'bca_consumer_group' (generation 13) with member_id aiokafka-0.12.0-1110c158-5196-405f-a24b-53391f49449f
2025-05-02 15:22:10,713 - aiokafka.consumer.group_coordinator - INFO - Elected group leader -- performing partition assignments using roundrobin
2025-05-02 15:22:10,717 - aiokafka.consumer.group_coordinator - INFO - Successfully synced group bca_consumer_group with generation 13
2025-05-02 15:22:10,717 - aiokafka.consumer.group_coordinator - INFO - Setting newly assigned partitions {TopicPartition(topic='btp_events', partition=0)} for group bca_consumer_group
2025-05-02 15:22:10,717 - app.services.kafka_consumer - INFO - Consumer start() completed successfully
2025-05-02 15:22:10,718 - app.services.kafka_consumer - INFO - Kafka consumer started successfully
2025-05-02 15:24:19,494 - app.main - INFO - Citizen Service shutting down...
2025-05-02 15:24:19,494 - app.services.kafka_consumer - INFO - Stopping Kafka consumer...
2025-05-02 15:24:19,498 - aiokafka.consumer.group_coordinator - INFO - LeaveGroup request succeeded
2025-05-02 15:24:19,498 - app.services.kafka_consumer - INFO - Kafka consumer stopped
2025-05-02 15:24:53,696 - app.main - INFO - BCA Citizen Service starting, logs will be saved to: logs/bca_service_20250502.txt
2025-05-02 15:24:53,696 - app.main - INFO - Info message - testing logging
2025-05-02 15:24:53,696 - app.main - WARNING - Warning message - testing logging
2025-05-02 15:24:53,697 - app.main - ERROR - Error message - testing logging
2025-05-02 15:24:53,700 - app.main - INFO - Citizen Service starting up...
2025-05-02 15:24:53,700 - app.services.kafka_consumer - INFO - Starting Kafka consumer for topic btp_events with bootstrap servers: localhost:29092
2025-05-02 15:24:53,700 - app.services.kafka_consumer - INFO - Using bootstrap servers: ['localhost:29092']
2025-05-02 15:24:53,700 - aiokafka.consumer.subscription_state - INFO - Updating subscribed topics to: frozenset({'btp_events'})
2025-05-02 15:24:53,700 - app.services.kafka_consumer - INFO - Consumer created, attempting to start...
2025-05-02 15:24:53,711 - aiokafka.consumer.group_coordinator - INFO - Discovered coordinator 1 for group bca_consumer_group
2025-05-02 15:24:53,711 - aiokafka.consumer.group_coordinator - INFO - Revoking previously assigned partitions set() for group bca_consumer_group
2025-05-02 15:24:53,711 - aiokafka.consumer.group_coordinator - INFO - (Re-)joining group bca_consumer_group
2025-05-02 15:24:53,714 - aiokafka.consumer.group_coordinator - INFO - Joined group 'bca_consumer_group' (generation 15) with member_id aiokafka-0.12.0-6bdfb708-a101-4e4e-ae53-9ed47315dae0
2025-05-02 15:24:53,714 - aiokafka.consumer.group_coordinator - INFO - Elected group leader -- performing partition assignments using roundrobin
2025-05-02 15:24:53,715 - aiokafka.consumer.group_coordinator - INFO - Successfully synced group bca_consumer_group with generation 15
2025-05-02 15:24:53,715 - aiokafka.consumer.group_coordinator - INFO - Setting newly assigned partitions {TopicPartition(topic='btp_events', partition=0)} for group bca_consumer_group
2025-05-02 15:24:53,715 - app.services.kafka_consumer - INFO - Consumer start() completed successfully
2025-05-02 15:24:53,715 - app.services.kafka_consumer - INFO - Kafka consumer started successfully
2025-05-02 15:49:11,933 - app.main - INFO - Citizen Service shutting down...
2025-05-02 15:49:11,934 - app.services.kafka_consumer - INFO - Stopping Kafka consumer...
2025-05-02 15:49:11,938 - aiokafka.consumer.group_coordinator - INFO - LeaveGroup request succeeded
2025-05-02 15:49:11,939 - app.services.kafka_consumer - INFO - Kafka consumer stopped
2025-05-02 15:49:12,378 - app.main - INFO - BCA Citizen Service starting, logs will be saved to: logs/bca_service_20250502.txt
2025-05-02 15:49:12,378 - app.main - INFO - Info message - testing logging
2025-05-02 15:49:12,378 - app.main - WARNING - Warning message - testing logging
2025-05-02 15:49:12,378 - app.main - ERROR - Error message - testing logging
2025-05-02 15:49:12,382 - app.main - INFO - Citizen Service starting up...
2025-05-02 15:49:12,382 - app.services.kafka_consumer - INFO - Starting Kafka consumer for topic btp_events with bootstrap servers: localhost:29092
2025-05-02 15:49:12,382 - app.services.kafka_consumer - INFO - Using bootstrap servers: ['localhost:29092']
2025-05-02 15:49:12,382 - aiokafka.consumer.subscription_state - INFO - Updating subscribed topics to: frozenset({'btp_events'})
2025-05-02 15:49:12,382 - app.services.kafka_consumer - INFO - Consumer created, attempting to start...
2025-05-02 15:49:12,390 - aiokafka.consumer.group_coordinator - INFO - Discovered coordinator 1 for group bca_consumer_group
2025-05-02 15:49:12,390 - aiokafka.consumer.group_coordinator - INFO - Revoking previously assigned partitions set() for group bca_consumer_group
2025-05-02 15:49:12,390 - aiokafka.consumer.group_coordinator - INFO - (Re-)joining group bca_consumer_group
2025-05-02 15:49:12,392 - aiokafka.consumer.group_coordinator - INFO - Joined group 'bca_consumer_group' (generation 17) with member_id aiokafka-0.12.0-2523c307-8b68-4b26-a6bc-c71c3f2a32b3
2025-05-02 15:49:12,392 - aiokafka.consumer.group_coordinator - INFO - Elected group leader -- performing partition assignments using roundrobin
2025-05-02 15:49:12,393 - aiokafka.consumer.group_coordinator - INFO - Successfully synced group bca_consumer_group with generation 17
2025-05-02 15:49:12,393 - aiokafka.consumer.group_coordinator - INFO - Setting newly assigned partitions {TopicPartition(topic='btp_events', partition=0)} for group bca_consumer_group
2025-05-02 15:49:12,393 - app.services.kafka_consumer - INFO - Consumer start() completed successfully
2025-05-02 15:49:12,394 - app.services.kafka_consumer - INFO - Kafka consumer started successfully
2025-05-02 15:52:36,091 - app.main - INFO - Citizen Service shutting down...
2025-05-02 15:52:36,091 - app.services.kafka_consumer - INFO - Stopping Kafka consumer...
2025-05-02 15:52:36,094 - aiokafka.consumer.group_coordinator - INFO - LeaveGroup request succeeded
2025-05-02 15:52:36,094 - app.services.kafka_consumer - INFO - Kafka consumer stopped
2025-05-02 15:52:36,517 - app.main - INFO - BCA Citizen Service starting, logs will be saved to: logs/bca_service_20250502.txt
2025-05-02 15:52:36,517 - app.main - INFO - Info message - testing logging
2025-05-02 15:52:36,517 - app.main - WARNING - Warning message - testing logging
2025-05-02 15:52:36,517 - app.main - ERROR - Error message - testing logging
2025-05-02 15:52:36,521 - app.main - INFO - Citizen Service starting up...
2025-05-02 15:52:36,521 - app.services.kafka_consumer - INFO - Starting Kafka consumer for topic btp_events with bootstrap servers: localhost:29092
2025-05-02 15:52:36,521 - app.services.kafka_consumer - INFO - Using bootstrap servers: ['localhost:29092']
2025-05-02 15:52:36,521 - aiokafka.consumer.subscription_state - INFO - Updating subscribed topics to: frozenset({'btp_events'})
2025-05-02 15:52:36,521 - app.services.kafka_consumer - INFO - Consumer created, attempting to start...
2025-05-02 15:52:36,528 - aiokafka.consumer.group_coordinator - INFO - Discovered coordinator 1 for group bca_consumer_group
2025-05-02 15:52:36,528 - aiokafka.consumer.group_coordinator - INFO - Revoking previously assigned partitions set() for group bca_consumer_group
2025-05-02 15:52:36,529 - aiokafka.consumer.group_coordinator - INFO - (Re-)joining group bca_consumer_group
2025-05-02 15:52:36,530 - aiokafka.consumer.group_coordinator - INFO - Joined group 'bca_consumer_group' (generation 19) with member_id aiokafka-0.12.0-cc1daf40-c3bb-4897-9ac1-63feeb4dc3e8
2025-05-02 15:52:36,530 - aiokafka.consumer.group_coordinator - INFO - Elected group leader -- performing partition assignments using roundrobin
2025-05-02 15:52:36,532 - aiokafka.consumer.group_coordinator - INFO - Successfully synced group bca_consumer_group with generation 19
2025-05-02 15:52:36,532 - aiokafka.consumer.group_coordinator - INFO - Setting newly assigned partitions {TopicPartition(topic='btp_events', partition=0)} for group bca_consumer_group
2025-05-02 15:52:36,532 - app.services.kafka_consumer - INFO - Consumer start() completed successfully
2025-05-02 15:52:36,532 - app.services.kafka_consumer - INFO - Kafka consumer started successfully
2025-05-02 15:53:21,132 - app.main - INFO - Citizen Service shutting down...
2025-05-02 15:53:21,132 - app.services.kafka_consumer - INFO - Stopping Kafka consumer...
2025-05-02 15:53:21,137 - aiokafka.consumer.group_coordinator - INFO - LeaveGroup request succeeded
2025-05-02 15:53:21,137 - app.services.kafka_consumer - INFO - Kafka consumer stopped
2025-05-02 15:53:21,624 - app.main - INFO - BCA Citizen Service starting, logs will be saved to: logs/bca_service_20250502.txt
2025-05-02 15:53:21,624 - app.main - INFO - Info message - testing logging
2025-05-02 15:53:21,624 - app.main - WARNING - Warning message - testing logging
2025-05-02 15:53:21,624 - app.main - ERROR - Error message - testing logging
2025-05-02 15:53:21,628 - app.main - INFO - Citizen Service starting up...
2025-05-02 15:53:21,628 - app.services.kafka_consumer - INFO - Starting Kafka consumer for topic btp_events with bootstrap servers: localhost:29092
2025-05-02 15:53:21,628 - app.services.kafka_consumer - INFO - Using bootstrap servers: ['localhost:29092']
2025-05-02 15:53:21,628 - aiokafka.consumer.subscription_state - INFO - Updating subscribed topics to: frozenset({'btp_events'})
2025-05-02 15:53:21,628 - app.services.kafka_consumer - INFO - Consumer created, attempting to start...
2025-05-02 15:53:21,637 - aiokafka.consumer.group_coordinator - INFO - Discovered coordinator 1 for group bca_consumer_group
2025-05-02 15:53:21,637 - aiokafka.consumer.group_coordinator - INFO - Revoking previously assigned partitions set() for group bca_consumer_group
2025-05-02 15:53:21,637 - aiokafka.consumer.group_coordinator - INFO - (Re-)joining group bca_consumer_group
2025-05-02 15:53:21,639 - aiokafka.consumer.group_coordinator - INFO - Joined group 'bca_consumer_group' (generation 21) with member_id aiokafka-0.12.0-c288a396-241c-4dcb-baab-02e658b3acc0
2025-05-02 15:53:21,639 - aiokafka.consumer.group_coordinator - INFO - Elected group leader -- performing partition assignments using roundrobin
2025-05-02 15:53:21,640 - aiokafka.consumer.group_coordinator - INFO - Successfully synced group bca_consumer_group with generation 21
2025-05-02 15:53:21,640 - aiokafka.consumer.group_coordinator - INFO - Setting newly assigned partitions {TopicPartition(topic='btp_events', partition=0)} for group bca_consumer_group
2025-05-02 15:53:21,640 - app.services.kafka_consumer - INFO - Consumer start() completed successfully
2025-05-02 15:53:21,640 - app.services.kafka_consumer - INFO - Kafka consumer started successfully
2025-05-02 17:27:08,932 - app.main - INFO - Citizen Service shutting down...
2025-05-02 17:27:08,932 - app.services.kafka_consumer - INFO - Stopping Kafka consumer...
2025-05-02 17:27:08,936 - aiokafka.consumer.group_coordinator - INFO - LeaveGroup request succeeded
2025-05-02 17:27:08,937 - app.services.kafka_consumer - INFO - Kafka consumer stopped
2025-05-02 17:27:09,444 - app.main - INFO - BCA Citizen Service starting, logs will be saved to: logs/bca_service_20250502.txt
2025-05-02 17:27:09,444 - app.main - INFO - Info message - testing logging
2025-05-02 17:27:09,444 - app.main - WARNING - Warning message - testing logging
2025-05-02 17:27:09,444 - app.main - ERROR - Error message - testing logging
2025-05-02 17:27:09,448 - app.main - INFO - Citizen Service starting up...
2025-05-02 17:27:09,448 - app.services.kafka_consumer - INFO - Starting Kafka consumer for topic btp_events with bootstrap servers: localhost:29092
2025-05-02 17:27:09,448 - app.services.kafka_consumer - INFO - Using bootstrap servers: ['localhost:29092']
2025-05-02 17:27:09,448 - aiokafka.consumer.subscription_state - INFO - Updating subscribed topics to: frozenset({'btp_events'})
2025-05-02 17:27:09,448 - app.services.kafka_consumer - INFO - Consumer created, attempting to start...
2025-05-02 17:27:09,460 - aiokafka.consumer.group_coordinator - INFO - Discovered coordinator 1 for group bca_consumer_group
2025-05-02 17:27:09,460 - aiokafka.consumer.group_coordinator - INFO - Revoking previously assigned partitions set() for group bca_consumer_group
2025-05-02 17:27:09,460 - aiokafka.consumer.group_coordinator - INFO - (Re-)joining group bca_consumer_group
2025-05-02 17:27:09,463 - aiokafka.consumer.group_coordinator - INFO - Joined group 'bca_consumer_group' (generation 23) with member_id aiokafka-0.12.0-c6bbb712-7177-457b-ae8b-fccca4258c04
2025-05-02 17:27:09,463 - aiokafka.consumer.group_coordinator - INFO - Elected group leader -- performing partition assignments using roundrobin
2025-05-02 17:27:09,464 - aiokafka.consumer.group_coordinator - INFO - Successfully synced group bca_consumer_group with generation 23
2025-05-02 17:27:09,464 - aiokafka.consumer.group_coordinator - INFO - Setting newly assigned partitions {TopicPartition(topic='btp_events', partition=0)} for group bca_consumer_group
2025-05-02 17:27:09,464 - app.services.kafka_consumer - INFO - Consumer start() completed successfully
2025-05-02 17:27:09,464 - app.services.kafka_consumer - INFO - Kafka consumer started successfully
2025-05-02 17:30:26,872 - app.db.citizen_repo - ERROR - Database error when getting family tree: (pyodbc.ProgrammingError) ('42S02', "[42S02] [Microsoft][ODBC Driver 17 for SQL Server][SQL Server]Invalid object name 'API_Internal.GetCitizenFamilyTree'. (208) (SQLExecDirectW)")
[SQL: SELECT * FROM [API_Internal].[GetCitizenFamilyTree](?)]
[parameters: ('123456789012',)]
(Background on this error at: https://sqlalche.me/e/20/f405)
Traceback (most recent call last):
  File "/home/duyhung/Desktop/DATN/myenv/lib/python3.12/site-packages/sqlalchemy/engine/base.py", line 1964, in _exec_single_context
    self.dialect.do_execute(
  File "/home/duyhung/Desktop/DATN/myenv/lib/python3.12/site-packages/sqlalchemy/engine/default.py", line 945, in do_execute
    cursor.execute(statement, parameters)
pyodbc.ProgrammingError: ('42S02', "[42S02] [Microsoft][ODBC Driver 17 for SQL Server][SQL Server]Invalid object name 'API_Internal.GetCitizenFamilyTree'. (208) (SQLExecDirectW)")

The above exception was the direct cause of the following exception:

Traceback (most recent call last):
  File "/home/duyhung/Desktop/DATN/citizen-management-system_v5/citizen_service_bca/app/db/citizen_repo.py", line 170, in get_family_tree
    result = self.db.execute(query, {"citizen_id": citizen_id}).fetchall()
             ^^^^^^^^^^^^^^^^^^^^^^^^^^^^^^^^^^^^^^^^^^^^^^^^^^
  File "/home/duyhung/Desktop/DATN/myenv/lib/python3.12/site-packages/sqlalchemy/orm/session.py", line 2365, in execute
    return self._execute_internal(
           ^^^^^^^^^^^^^^^^^^^^^^^
  File "/home/duyhung/Desktop/DATN/myenv/lib/python3.12/site-packages/sqlalchemy/orm/session.py", line 2260, in _execute_internal
    result = conn.execute(
             ^^^^^^^^^^^^^
  File "/home/duyhung/Desktop/DATN/myenv/lib/python3.12/site-packages/sqlalchemy/engine/base.py", line 1416, in execute
    return meth(
           ^^^^^
  File "/home/duyhung/Desktop/DATN/myenv/lib/python3.12/site-packages/sqlalchemy/sql/elements.py", line 523, in _execute_on_connection
    return connection._execute_clauseelement(
           ^^^^^^^^^^^^^^^^^^^^^^^^^^^^^^^^^^
  File "/home/duyhung/Desktop/DATN/myenv/lib/python3.12/site-packages/sqlalchemy/engine/base.py", line 1638, in _execute_clauseelement
    ret = self._execute_context(
          ^^^^^^^^^^^^^^^^^^^^^^
  File "/home/duyhung/Desktop/DATN/myenv/lib/python3.12/site-packages/sqlalchemy/engine/base.py", line 1843, in _execute_context
    return self._exec_single_context(
           ^^^^^^^^^^^^^^^^^^^^^^^^^^
  File "/home/duyhung/Desktop/DATN/myenv/lib/python3.12/site-packages/sqlalchemy/engine/base.py", line 1983, in _exec_single_context
    self._handle_dbapi_exception(
  File "/home/duyhung/Desktop/DATN/myenv/lib/python3.12/site-packages/sqlalchemy/engine/base.py", line 2352, in _handle_dbapi_exception
    raise sqlalchemy_exception.with_traceback(exc_info[2]) from e
  File "/home/duyhung/Desktop/DATN/myenv/lib/python3.12/site-packages/sqlalchemy/engine/base.py", line 1964, in _exec_single_context
    self.dialect.do_execute(
  File "/home/duyhung/Desktop/DATN/myenv/lib/python3.12/site-packages/sqlalchemy/engine/default.py", line 945, in do_execute
    cursor.execute(statement, parameters)
sqlalchemy.exc.ProgrammingError: (pyodbc.ProgrammingError) ('42S02', "[42S02] [Microsoft][ODBC Driver 17 for SQL Server][SQL Server]Invalid object name 'API_Internal.GetCitizenFamilyTree'. (208) (SQLExecDirectW)")
[SQL: SELECT * FROM [API_Internal].[GetCitizenFamilyTree](?)]
[parameters: ('123456789012',)]
(Background on this error at: https://sqlalche.me/e/20/f405)
2025-05-02 17:30:36,196 - app.db.citizen_repo - ERROR - Database error when getting family tree: (pyodbc.ProgrammingError) ('42S02', "[42S02] [Microsoft][ODBC Driver 17 for SQL Server][SQL Server]Invalid object name 'API_Internal.GetCitizenFamilyTree'. (208) (SQLExecDirectW)")
[SQL: SELECT * FROM [API_Internal].[GetCitizenFamilyTree](?)]
[parameters: ('123456789012',)]
(Background on this error at: https://sqlalche.me/e/20/f405)
Traceback (most recent call last):
  File "/home/duyhung/Desktop/DATN/myenv/lib/python3.12/site-packages/sqlalchemy/engine/base.py", line 1964, in _exec_single_context
    self.dialect.do_execute(
  File "/home/duyhung/Desktop/DATN/myenv/lib/python3.12/site-packages/sqlalchemy/engine/default.py", line 945, in do_execute
    cursor.execute(statement, parameters)
pyodbc.ProgrammingError: ('42S02', "[42S02] [Microsoft][ODBC Driver 17 for SQL Server][SQL Server]Invalid object name 'API_Internal.GetCitizenFamilyTree'. (208) (SQLExecDirectW)")

The above exception was the direct cause of the following exception:

Traceback (most recent call last):
  File "/home/duyhung/Desktop/DATN/citizen-management-system_v5/citizen_service_bca/app/db/citizen_repo.py", line 170, in get_family_tree
    result = self.db.execute(query, {"citizen_id": citizen_id}).fetchall()
             ^^^^^^^^^^^^^^^^^^^^^^^^^^^^^^^^^^^^^^^^^^^^^^^^^^
  File "/home/duyhung/Desktop/DATN/myenv/lib/python3.12/site-packages/sqlalchemy/orm/session.py", line 2365, in execute
    return self._execute_internal(
           ^^^^^^^^^^^^^^^^^^^^^^^
  File "/home/duyhung/Desktop/DATN/myenv/lib/python3.12/site-packages/sqlalchemy/orm/session.py", line 2260, in _execute_internal
    result = conn.execute(
             ^^^^^^^^^^^^^
  File "/home/duyhung/Desktop/DATN/myenv/lib/python3.12/site-packages/sqlalchemy/engine/base.py", line 1416, in execute
    return meth(
           ^^^^^
  File "/home/duyhung/Desktop/DATN/myenv/lib/python3.12/site-packages/sqlalchemy/sql/elements.py", line 523, in _execute_on_connection
    return connection._execute_clauseelement(
           ^^^^^^^^^^^^^^^^^^^^^^^^^^^^^^^^^^
  File "/home/duyhung/Desktop/DATN/myenv/lib/python3.12/site-packages/sqlalchemy/engine/base.py", line 1638, in _execute_clauseelement
    ret = self._execute_context(
          ^^^^^^^^^^^^^^^^^^^^^^
  File "/home/duyhung/Desktop/DATN/myenv/lib/python3.12/site-packages/sqlalchemy/engine/base.py", line 1843, in _execute_context
    return self._exec_single_context(
           ^^^^^^^^^^^^^^^^^^^^^^^^^^
  File "/home/duyhung/Desktop/DATN/myenv/lib/python3.12/site-packages/sqlalchemy/engine/base.py", line 1983, in _exec_single_context
    self._handle_dbapi_exception(
  File "/home/duyhung/Desktop/DATN/myenv/lib/python3.12/site-packages/sqlalchemy/engine/base.py", line 2352, in _handle_dbapi_exception
    raise sqlalchemy_exception.with_traceback(exc_info[2]) from e
  File "/home/duyhung/Desktop/DATN/myenv/lib/python3.12/site-packages/sqlalchemy/engine/base.py", line 1964, in _exec_single_context
    self.dialect.do_execute(
  File "/home/duyhung/Desktop/DATN/myenv/lib/python3.12/site-packages/sqlalchemy/engine/default.py", line 945, in do_execute
    cursor.execute(statement, parameters)
sqlalchemy.exc.ProgrammingError: (pyodbc.ProgrammingError) ('42S02', "[42S02] [Microsoft][ODBC Driver 17 for SQL Server][SQL Server]Invalid object name 'API_Internal.GetCitizenFamilyTree'. (208) (SQLExecDirectW)")
[SQL: SELECT * FROM [API_Internal].[GetCitizenFamilyTree](?)]
[parameters: ('123456789012',)]
(Background on this error at: https://sqlalche.me/e/20/f405)
2025-05-02 17:55:17,669 - app.main - INFO - Citizen Service shutting down...
2025-05-02 17:55:17,669 - app.services.kafka_consumer - INFO - Stopping Kafka consumer...
2025-05-02 17:55:17,673 - aiokafka.consumer.group_coordinator - INFO - LeaveGroup request succeeded
2025-05-02 17:55:17,674 - app.services.kafka_consumer - INFO - Kafka consumer stopped
2025-05-02 17:55:18,275 - app.main - INFO - BCA Citizen Service starting, logs will be saved to: logs/bca_service_20250502.txt
2025-05-02 17:55:18,275 - app.main - INFO - Info message - testing logging
2025-05-02 17:55:18,275 - app.main - WARNING - Warning message - testing logging
2025-05-02 17:55:18,275 - app.main - ERROR - Error message - testing logging
2025-05-02 17:55:18,279 - app.main - INFO - Citizen Service starting up...
2025-05-02 17:55:18,280 - app.services.kafka_consumer - INFO - Starting Kafka consumer for topic btp_events with bootstrap servers: localhost:29092
2025-05-02 17:55:18,280 - app.services.kafka_consumer - INFO - Using bootstrap servers: ['localhost:29092']
2025-05-02 17:55:18,280 - aiokafka.consumer.subscription_state - INFO - Updating subscribed topics to: frozenset({'btp_events'})
2025-05-02 17:55:18,280 - app.services.kafka_consumer - INFO - Consumer created, attempting to start...
2025-05-02 17:55:18,296 - aiokafka.consumer.group_coordinator - INFO - Discovered coordinator 1 for group bca_consumer_group
2025-05-02 17:55:18,296 - aiokafka.consumer.group_coordinator - INFO - Revoking previously assigned partitions set() for group bca_consumer_group
2025-05-02 17:55:18,296 - aiokafka.consumer.group_coordinator - INFO - (Re-)joining group bca_consumer_group
2025-05-02 17:55:18,302 - aiokafka.consumer.group_coordinator - INFO - Joined group 'bca_consumer_group' (generation 25) with member_id aiokafka-0.12.0-e6f1850b-4fa3-4499-8a66-fb20383f7040
2025-05-02 17:55:18,302 - aiokafka.consumer.group_coordinator - INFO - Elected group leader -- performing partition assignments using roundrobin
2025-05-02 17:55:18,305 - aiokafka.consumer.group_coordinator - INFO - Successfully synced group bca_consumer_group with generation 25
2025-05-02 17:55:18,305 - aiokafka.consumer.group_coordinator - INFO - Setting newly assigned partitions {TopicPartition(topic='btp_events', partition=0)} for group bca_consumer_group
2025-05-02 17:55:18,305 - app.services.kafka_consumer - INFO - Consumer start() completed successfully
2025-05-02 17:55:18,305 - app.services.kafka_consumer - INFO - Kafka consumer started successfully
2025-05-02 17:56:47,518 - app.main - INFO - Citizen Service shutting down...
2025-05-02 17:56:47,518 - app.services.kafka_consumer - INFO - Stopping Kafka consumer...
2025-05-02 17:56:47,522 - aiokafka.consumer.group_coordinator - INFO - LeaveGroup request succeeded
2025-05-02 17:56:47,522 - app.services.kafka_consumer - INFO - Kafka consumer stopped
2025-05-02 17:56:48,059 - app.main - INFO - BCA Citizen Service starting, logs will be saved to: logs/bca_service_20250502.txt
2025-05-02 17:56:48,059 - app.main - INFO - Info message - testing logging
2025-05-02 17:56:48,059 - app.main - WARNING - Warning message - testing logging
2025-05-02 17:56:48,059 - app.main - ERROR - Error message - testing logging
2025-05-02 17:56:48,064 - app.main - INFO - Citizen Service starting up...
2025-05-02 17:56:48,064 - app.services.kafka_consumer - INFO - Starting Kafka consumer for topic btp_events with bootstrap servers: localhost:29092
2025-05-02 17:56:48,064 - app.services.kafka_consumer - INFO - Using bootstrap servers: ['localhost:29092']
2025-05-02 17:56:48,064 - aiokafka.consumer.subscription_state - INFO - Updating subscribed topics to: frozenset({'btp_events'})
2025-05-02 17:56:48,064 - app.services.kafka_consumer - INFO - Consumer created, attempting to start...
2025-05-02 17:56:48,081 - aiokafka.consumer.group_coordinator - INFO - Discovered coordinator 1 for group bca_consumer_group
2025-05-02 17:56:48,081 - aiokafka.consumer.group_coordinator - INFO - Revoking previously assigned partitions set() for group bca_consumer_group
2025-05-02 17:56:48,081 - aiokafka.consumer.group_coordinator - INFO - (Re-)joining group bca_consumer_group
2025-05-02 17:56:48,085 - aiokafka.consumer.group_coordinator - INFO - Joined group 'bca_consumer_group' (generation 27) with member_id aiokafka-0.12.0-2a42969c-c0c8-4eae-8bc6-e06be49d2acd
2025-05-02 17:56:48,085 - aiokafka.consumer.group_coordinator - INFO - Elected group leader -- performing partition assignments using roundrobin
2025-05-02 17:56:48,086 - aiokafka.consumer.group_coordinator - INFO - Successfully synced group bca_consumer_group with generation 27
2025-05-02 17:56:48,086 - aiokafka.consumer.group_coordinator - INFO - Setting newly assigned partitions {TopicPartition(topic='btp_events', partition=0)} for group bca_consumer_group
2025-05-02 17:56:48,086 - app.services.kafka_consumer - INFO - Consumer start() completed successfully
2025-05-02 17:56:48,087 - app.services.kafka_consumer - INFO - Kafka consumer started successfully
2025-05-02 18:09:10,083 - app.main - INFO - Citizen Service shutting down...
2025-05-02 18:09:10,084 - app.services.kafka_consumer - INFO - Stopping Kafka consumer...
2025-05-02 18:09:10,094 - aiokafka.consumer.group_coordinator - INFO - LeaveGroup request succeeded
2025-05-02 18:09:10,094 - app.services.kafka_consumer - INFO - Kafka consumer stopped
2025-05-02 18:09:24,052 - app.main - INFO - BCA Citizen Service starting, logs will be saved to: logs/bca_service_20250502.txt
2025-05-02 18:09:24,052 - app.main - INFO - Info message - testing logging
2025-05-02 18:09:24,053 - app.main - WARNING - Warning message - testing logging
2025-05-02 18:09:24,053 - app.main - ERROR - Error message - testing logging
2025-05-02 18:09:24,057 - app.main - INFO - Citizen Service starting up...
2025-05-02 18:09:24,057 - app.services.kafka_consumer - INFO - Starting Kafka consumer for topic btp_events with bootstrap servers: localhost:29092
2025-05-02 18:09:24,057 - app.services.kafka_consumer - INFO - Using bootstrap servers: ['localhost:29092']
2025-05-02 18:09:24,057 - aiokafka.consumer.subscription_state - INFO - Updating subscribed topics to: frozenset({'btp_events'})
2025-05-02 18:09:24,058 - app.services.kafka_consumer - INFO - Consumer created, attempting to start...
2025-05-02 18:09:24,075 - aiokafka.consumer.group_coordinator - INFO - Discovered coordinator 1 for group bca_consumer_group
2025-05-02 18:09:24,076 - aiokafka.consumer.group_coordinator - INFO - Revoking previously assigned partitions set() for group bca_consumer_group
2025-05-02 18:09:24,076 - aiokafka.consumer.group_coordinator - INFO - (Re-)joining group bca_consumer_group
2025-05-02 18:09:24,078 - aiokafka.consumer.group_coordinator - INFO - Joined group 'bca_consumer_group' (generation 29) with member_id aiokafka-0.12.0-41f16315-7651-4cc0-b7b5-c7294c356da1
2025-05-02 18:09:24,078 - aiokafka.consumer.group_coordinator - INFO - Elected group leader -- performing partition assignments using roundrobin
2025-05-02 18:09:24,079 - aiokafka.consumer.group_coordinator - INFO - Successfully synced group bca_consumer_group with generation 29
2025-05-02 18:09:24,080 - aiokafka.consumer.group_coordinator - INFO - Setting newly assigned partitions {TopicPartition(topic='btp_events', partition=0)} for group bca_consumer_group
2025-05-02 18:09:24,080 - app.services.kafka_consumer - INFO - Consumer start() completed successfully
2025-05-02 18:09:24,080 - app.services.kafka_consumer - INFO - Kafka consumer started successfully
2025-05-02 18:15:35,829 - app.main - INFO - Citizen Service shutting down...
2025-05-02 18:15:35,829 - app.services.kafka_consumer - INFO - Stopping Kafka consumer...
2025-05-02 18:15:35,837 - aiokafka.consumer.group_coordinator - INFO - LeaveGroup request succeeded
2025-05-02 18:15:35,838 - app.services.kafka_consumer - INFO - Kafka consumer stopped
2025-05-02 18:15:36,466 - app.main - INFO - BCA Citizen Service starting, logs will be saved to: logs/bca_service_20250502.txt
2025-05-02 18:15:36,466 - app.main - INFO - Info message - testing logging
2025-05-02 18:15:36,466 - app.main - WARNING - Warning message - testing logging
2025-05-02 18:15:36,466 - app.main - ERROR - Error message - testing logging
2025-05-02 18:15:36,473 - app.main - INFO - Citizen Service starting up...
2025-05-02 18:15:36,473 - app.services.kafka_consumer - INFO - Starting Kafka consumer for topic btp_events with bootstrap servers: localhost:29092
2025-05-02 18:15:36,473 - app.services.kafka_consumer - INFO - Using bootstrap servers: ['localhost:29092']
2025-05-02 18:15:36,473 - aiokafka.consumer.subscription_state - INFO - Updating subscribed topics to: frozenset({'btp_events'})
2025-05-02 18:15:36,473 - app.services.kafka_consumer - INFO - Consumer created, attempting to start...
2025-05-02 18:15:36,492 - aiokafka.consumer.group_coordinator - INFO - Discovered coordinator 1 for group bca_consumer_group
2025-05-02 18:15:36,492 - aiokafka.consumer.group_coordinator - INFO - Revoking previously assigned partitions set() for group bca_consumer_group
2025-05-02 18:15:36,492 - aiokafka.consumer.group_coordinator - INFO - (Re-)joining group bca_consumer_group
2025-05-02 18:15:36,496 - aiokafka.consumer.group_coordinator - INFO - Joined group 'bca_consumer_group' (generation 31) with member_id aiokafka-0.12.0-e1d9678f-8a07-4ded-9b33-b30fb0d98dc3
2025-05-02 18:15:36,496 - aiokafka.consumer.group_coordinator - INFO - Elected group leader -- performing partition assignments using roundrobin
2025-05-02 18:15:36,499 - aiokafka.consumer.group_coordinator - INFO - Successfully synced group bca_consumer_group with generation 31
2025-05-02 18:15:36,500 - aiokafka.consumer.group_coordinator - INFO - Setting newly assigned partitions {TopicPartition(topic='btp_events', partition=0)} for group bca_consumer_group
2025-05-02 18:15:36,500 - app.services.kafka_consumer - INFO - Consumer start() completed successfully
2025-05-02 18:15:36,500 - app.services.kafka_consumer - INFO - Kafka consumer started successfully
2025-05-02 18:16:53,019 - app.main - INFO - Citizen Service shutting down...
2025-05-02 18:16:53,019 - app.services.kafka_consumer - INFO - Stopping Kafka consumer...
2025-05-02 18:16:53,026 - aiokafka.consumer.group_coordinator - INFO - LeaveGroup request succeeded
2025-05-02 18:16:53,027 - app.services.kafka_consumer - INFO - Kafka consumer stopped
2025-05-02 18:16:53,452 - app.main - INFO - BCA Citizen Service starting, logs will be saved to: logs/bca_service_20250502.txt
2025-05-02 18:16:53,452 - app.main - INFO - Info message - testing logging
2025-05-02 18:16:53,452 - app.main - WARNING - Warning message - testing logging
2025-05-02 18:16:53,452 - app.main - ERROR - Error message - testing logging
2025-05-02 18:16:53,456 - app.main - INFO - Citizen Service starting up...
2025-05-02 18:16:53,456 - app.services.kafka_consumer - INFO - Starting Kafka consumer for topic btp_events with bootstrap servers: localhost:29092
2025-05-02 18:16:53,456 - app.services.kafka_consumer - INFO - Using bootstrap servers: ['localhost:29092']
2025-05-02 18:16:53,456 - aiokafka.consumer.subscription_state - INFO - Updating subscribed topics to: frozenset({'btp_events'})
2025-05-02 18:16:53,456 - app.services.kafka_consumer - INFO - Consumer created, attempting to start...
2025-05-02 18:16:53,464 - aiokafka.consumer.group_coordinator - INFO - Discovered coordinator 1 for group bca_consumer_group
2025-05-02 18:16:53,464 - aiokafka.consumer.group_coordinator - INFO - Revoking previously assigned partitions set() for group bca_consumer_group
2025-05-02 18:16:53,464 - aiokafka.consumer.group_coordinator - INFO - (Re-)joining group bca_consumer_group
2025-05-02 18:16:53,466 - aiokafka.consumer.group_coordinator - INFO - Joined group 'bca_consumer_group' (generation 33) with member_id aiokafka-0.12.0-be947f11-0ac8-42d3-8069-7b3edd263e41
2025-05-02 18:16:53,466 - aiokafka.consumer.group_coordinator - INFO - Elected group leader -- performing partition assignments using roundrobin
2025-05-02 18:16:53,467 - aiokafka.consumer.group_coordinator - INFO - Successfully synced group bca_consumer_group with generation 33
2025-05-02 18:16:53,467 - aiokafka.consumer.group_coordinator - INFO - Setting newly assigned partitions {TopicPartition(topic='btp_events', partition=0)} for group bca_consumer_group
2025-05-02 18:16:53,467 - app.services.kafka_consumer - INFO - Consumer start() completed successfully
2025-05-02 18:16:53,467 - app.services.kafka_consumer - INFO - Kafka consumer started successfully
2025-05-02 18:22:25,199 - app.main - INFO - Citizen Service shutting down...
2025-05-02 18:22:25,199 - app.services.kafka_consumer - INFO - Stopping Kafka consumer...
2025-05-02 18:22:25,213 - aiokafka.consumer.group_coordinator - INFO - LeaveGroup request succeeded
2025-05-02 18:22:25,214 - app.services.kafka_consumer - INFO - Kafka consumer stopped
2025-05-02 18:22:25,627 - app.main - INFO - BCA Citizen Service starting, logs will be saved to: logs/bca_service_20250502.txt
2025-05-02 18:22:25,627 - app.main - INFO - Info message - testing logging
2025-05-02 18:22:25,627 - app.main - WARNING - Warning message - testing logging
2025-05-02 18:22:25,627 - app.main - ERROR - Error message - testing logging
2025-05-02 18:22:25,631 - app.main - INFO - Citizen Service starting up...
2025-05-02 18:22:25,631 - app.services.kafka_consumer - INFO - Starting Kafka consumer for topic btp_events with bootstrap servers: localhost:29092
2025-05-02 18:22:25,631 - app.services.kafka_consumer - INFO - Using bootstrap servers: ['localhost:29092']
2025-05-02 18:22:25,631 - aiokafka.consumer.subscription_state - INFO - Updating subscribed topics to: frozenset({'btp_events'})
2025-05-02 18:22:25,631 - app.services.kafka_consumer - INFO - Consumer created, attempting to start...
2025-05-02 18:22:25,638 - aiokafka.consumer.group_coordinator - INFO - Discovered coordinator 1 for group bca_consumer_group
2025-05-02 18:22:25,638 - aiokafka.consumer.group_coordinator - INFO - Revoking previously assigned partitions set() for group bca_consumer_group
2025-05-02 18:22:25,638 - aiokafka.consumer.group_coordinator - INFO - (Re-)joining group bca_consumer_group
2025-05-02 18:22:25,640 - aiokafka.consumer.group_coordinator - INFO - Joined group 'bca_consumer_group' (generation 35) with member_id aiokafka-0.12.0-606e55e0-868a-421d-8204-ee51a3970e3c
2025-05-02 18:22:25,641 - aiokafka.consumer.group_coordinator - INFO - Elected group leader -- performing partition assignments using roundrobin
2025-05-02 18:22:25,642 - aiokafka.consumer.group_coordinator - INFO - Successfully synced group bca_consumer_group with generation 35
2025-05-02 18:22:25,642 - aiokafka.consumer.group_coordinator - INFO - Setting newly assigned partitions {TopicPartition(topic='btp_events', partition=0)} for group bca_consumer_group
2025-05-02 18:22:25,642 - app.services.kafka_consumer - INFO - Consumer start() completed successfully
2025-05-02 18:22:25,642 - app.services.kafka_consumer - INFO - Kafka consumer started successfully
2025-05-02 18:23:22,009 - app.main - INFO - Citizen Service shutting down...
2025-05-02 18:23:22,009 - app.services.kafka_consumer - INFO - Stopping Kafka consumer...
2025-05-02 18:23:22,023 - aiokafka.consumer.group_coordinator - INFO - LeaveGroup request succeeded
2025-05-02 18:23:22,024 - app.services.kafka_consumer - INFO - Kafka consumer stopped
2025-05-02 18:23:22,458 - app.main - INFO - BCA Citizen Service starting, logs will be saved to: logs/bca_service_20250502.txt
2025-05-02 18:23:22,458 - app.main - INFO - Info message - testing logging
2025-05-02 18:23:22,458 - app.main - WARNING - Warning message - testing logging
2025-05-02 18:23:22,458 - app.main - ERROR - Error message - testing logging
2025-05-02 18:23:22,462 - app.main - INFO - Citizen Service starting up...
2025-05-02 18:23:22,462 - app.services.kafka_consumer - INFO - Starting Kafka consumer for topic btp_events with bootstrap servers: localhost:29092
2025-05-02 18:23:22,462 - app.services.kafka_consumer - INFO - Using bootstrap servers: ['localhost:29092']
2025-05-02 18:23:22,462 - aiokafka.consumer.subscription_state - INFO - Updating subscribed topics to: frozenset({'btp_events'})
2025-05-02 18:23:22,462 - app.services.kafka_consumer - INFO - Consumer created, attempting to start...
2025-05-02 18:23:22,470 - aiokafka.consumer.group_coordinator - INFO - Discovered coordinator 1 for group bca_consumer_group
2025-05-02 18:23:22,470 - aiokafka.consumer.group_coordinator - INFO - Revoking previously assigned partitions set() for group bca_consumer_group
2025-05-02 18:23:22,470 - aiokafka.consumer.group_coordinator - INFO - (Re-)joining group bca_consumer_group
2025-05-02 18:23:22,472 - aiokafka.consumer.group_coordinator - INFO - Joined group 'bca_consumer_group' (generation 37) with member_id aiokafka-0.12.0-4f3e3ccc-1320-468e-aa10-b038b65ce81a
2025-05-02 18:23:22,472 - aiokafka.consumer.group_coordinator - INFO - Elected group leader -- performing partition assignments using roundrobin
2025-05-02 18:23:22,473 - aiokafka.consumer.group_coordinator - INFO - Successfully synced group bca_consumer_group with generation 37
2025-05-02 18:23:22,473 - aiokafka.consumer.group_coordinator - INFO - Setting newly assigned partitions {TopicPartition(topic='btp_events', partition=0)} for group bca_consumer_group
2025-05-02 18:23:22,473 - app.services.kafka_consumer - INFO - Consumer start() completed successfully
2025-05-02 18:23:22,473 - app.services.kafka_consumer - INFO - Kafka consumer started successfully
2025-05-02 18:24:54,729 - app.main - INFO - Citizen Service shutting down...
2025-05-02 18:24:54,729 - app.services.kafka_consumer - INFO - Stopping Kafka consumer...
2025-05-02 18:24:54,738 - aiokafka.consumer.group_coordinator - INFO - LeaveGroup request succeeded
2025-05-02 18:24:54,738 - app.services.kafka_consumer - INFO - Kafka consumer stopped
2025-05-02 18:24:55,143 - app.main - INFO - BCA Citizen Service starting, logs will be saved to: logs/bca_service_20250502.txt
2025-05-02 18:24:55,143 - app.main - INFO - Info message - testing logging
2025-05-02 18:24:55,143 - app.main - WARNING - Warning message - testing logging
2025-05-02 18:24:55,143 - app.main - ERROR - Error message - testing logging
2025-05-02 18:24:55,147 - app.main - INFO - Citizen Service starting up...
2025-05-02 18:24:55,147 - app.services.kafka_consumer - INFO - Starting Kafka consumer for topic btp_events with bootstrap servers: localhost:29092
2025-05-02 18:24:55,147 - app.services.kafka_consumer - INFO - Using bootstrap servers: ['localhost:29092']
2025-05-02 18:24:55,147 - aiokafka.consumer.subscription_state - INFO - Updating subscribed topics to: frozenset({'btp_events'})
2025-05-02 18:24:55,148 - app.services.kafka_consumer - INFO - Consumer created, attempting to start...
2025-05-02 18:24:55,155 - aiokafka.consumer.group_coordinator - INFO - Discovered coordinator 1 for group bca_consumer_group
2025-05-02 18:24:55,155 - aiokafka.consumer.group_coordinator - INFO - Revoking previously assigned partitions set() for group bca_consumer_group
2025-05-02 18:24:55,155 - aiokafka.consumer.group_coordinator - INFO - (Re-)joining group bca_consumer_group
2025-05-02 18:24:55,157 - aiokafka.consumer.group_coordinator - INFO - Joined group 'bca_consumer_group' (generation 39) with member_id aiokafka-0.12.0-f4114ce4-6e2d-4c2a-8ed0-429a5ee8192e
2025-05-02 18:24:55,157 - aiokafka.consumer.group_coordinator - INFO - Elected group leader -- performing partition assignments using roundrobin
2025-05-02 18:24:55,158 - aiokafka.consumer.group_coordinator - INFO - Successfully synced group bca_consumer_group with generation 39
2025-05-02 18:24:55,158 - aiokafka.consumer.group_coordinator - INFO - Setting newly assigned partitions {TopicPartition(topic='btp_events', partition=0)} for group bca_consumer_group
2025-05-02 18:24:55,159 - app.services.kafka_consumer - INFO - Consumer start() completed successfully
2025-05-02 18:24:55,159 - app.services.kafka_consumer - INFO - Kafka consumer started successfully
2025-05-02 18:31:08,421 - app.main - INFO - Citizen Service shutting down...
2025-05-02 18:31:08,421 - app.services.kafka_consumer - INFO - Stopping Kafka consumer...
2025-05-02 18:31:08,424 - aiokafka.consumer.group_coordinator - INFO - LeaveGroup request succeeded
2025-05-02 18:31:08,424 - app.services.kafka_consumer - INFO - Kafka consumer stopped
2025-05-02 18:31:08,879 - app.main - INFO - BCA Citizen Service starting, logs will be saved to: logs/bca_service_20250502.txt
2025-05-02 18:31:08,879 - app.main - INFO - Info message - testing logging
2025-05-02 18:31:08,879 - app.main - WARNING - Warning message - testing logging
2025-05-02 18:31:08,879 - app.main - ERROR - Error message - testing logging
2025-05-02 18:31:08,883 - app.main - INFO - Citizen Service starting up...
2025-05-02 18:31:08,883 - app.services.kafka_consumer - INFO - Starting Kafka consumer for topic btp_events with bootstrap servers: localhost:29092
2025-05-02 18:31:08,883 - app.services.kafka_consumer - INFO - Using bootstrap servers: ['localhost:29092']
2025-05-02 18:31:08,883 - aiokafka.consumer.subscription_state - INFO - Updating subscribed topics to: frozenset({'btp_events'})
2025-05-02 18:31:08,883 - app.services.kafka_consumer - INFO - Consumer created, attempting to start...
2025-05-02 18:31:08,891 - aiokafka.consumer.group_coordinator - INFO - Discovered coordinator 1 for group bca_consumer_group
2025-05-02 18:31:08,891 - aiokafka.consumer.group_coordinator - INFO - Revoking previously assigned partitions set() for group bca_consumer_group
2025-05-02 18:31:08,891 - aiokafka.consumer.group_coordinator - INFO - (Re-)joining group bca_consumer_group
2025-05-02 18:31:08,893 - aiokafka.consumer.group_coordinator - INFO - Joined group 'bca_consumer_group' (generation 41) with member_id aiokafka-0.12.0-68916625-b36e-48b7-ab81-3e26f7f9a11a
2025-05-02 18:31:08,893 - aiokafka.consumer.group_coordinator - INFO - Elected group leader -- performing partition assignments using roundrobin
2025-05-02 18:31:08,894 - aiokafka.consumer.group_coordinator - INFO - Successfully synced group bca_consumer_group with generation 41
2025-05-02 18:31:08,894 - aiokafka.consumer.group_coordinator - INFO - Setting newly assigned partitions {TopicPartition(topic='btp_events', partition=0)} for group bca_consumer_group
2025-05-02 18:31:08,894 - app.services.kafka_consumer - INFO - Consumer start() completed successfully
2025-05-02 18:31:08,894 - app.services.kafka_consumer - INFO - Kafka consumer started successfully
2025-05-02 18:32:55,947 - app.main - INFO - Citizen Service shutting down...
2025-05-02 18:32:55,948 - app.services.kafka_consumer - INFO - Stopping Kafka consumer...
2025-05-02 18:32:55,954 - aiokafka.consumer.group_coordinator - INFO - LeaveGroup request succeeded
2025-05-02 18:32:55,954 - app.services.kafka_consumer - INFO - Kafka consumer stopped
2025-05-02 18:32:56,459 - app.main - INFO - BCA Citizen Service starting, logs will be saved to: logs/bca_service_20250502.txt
2025-05-02 18:32:56,460 - app.main - INFO - Info message - testing logging
2025-05-02 18:32:56,460 - app.main - WARNING - Warning message - testing logging
2025-05-02 18:32:56,460 - app.main - ERROR - Error message - testing logging
2025-05-02 18:32:56,466 - app.main - INFO - Citizen Service starting up...
2025-05-02 18:32:56,466 - app.services.kafka_consumer - INFO - Starting Kafka consumer for topic btp_events with bootstrap servers: localhost:29092
2025-05-02 18:32:56,466 - app.services.kafka_consumer - INFO - Using bootstrap servers: ['localhost:29092']
2025-05-02 18:32:56,467 - aiokafka.consumer.subscription_state - INFO - Updating subscribed topics to: frozenset({'btp_events'})
2025-05-02 18:32:56,467 - app.services.kafka_consumer - INFO - Consumer created, attempting to start...
2025-05-02 18:32:56,484 - aiokafka.consumer.group_coordinator - INFO - Discovered coordinator 1 for group bca_consumer_group
2025-05-02 18:32:56,484 - aiokafka.consumer.group_coordinator - INFO - Revoking previously assigned partitions set() for group bca_consumer_group
2025-05-02 18:32:56,484 - aiokafka.consumer.group_coordinator - INFO - (Re-)joining group bca_consumer_group
2025-05-02 18:32:56,489 - aiokafka.consumer.group_coordinator - INFO - Joined group 'bca_consumer_group' (generation 43) with member_id aiokafka-0.12.0-bcd66220-2266-4144-b9cb-bc8f45d5cb20
2025-05-02 18:32:56,489 - aiokafka.consumer.group_coordinator - INFO - Elected group leader -- performing partition assignments using roundrobin
2025-05-02 18:32:56,492 - aiokafka.consumer.group_coordinator - INFO - Successfully synced group bca_consumer_group with generation 43
2025-05-02 18:32:56,492 - aiokafka.consumer.group_coordinator - INFO - Setting newly assigned partitions {TopicPartition(topic='btp_events', partition=0)} for group bca_consumer_group
2025-05-02 18:32:56,493 - app.services.kafka_consumer - INFO - Consumer start() completed successfully
2025-05-02 18:32:56,493 - app.services.kafka_consumer - INFO - Kafka consumer started successfully
2025-05-02 20:55:31,382 - app.main - INFO - Citizen Service shutting down...
2025-05-02 20:55:31,382 - app.services.kafka_consumer - INFO - Stopping Kafka consumer...
2025-05-02 20:55:31,388 - aiokafka.consumer.group_coordinator - INFO - LeaveGroup request succeeded
2025-05-02 20:55:31,388 - app.services.kafka_consumer - INFO - Kafka consumer stopped
